<?xml version="1.0" encoding="UTF-8"?>
<!-- Generated by org.testng.reporters.JUnitReportReporter -->
<testsuite skipped="0" hostname="DLLA59P3273" name="GenetalTests" tests="9" failures="0" timestamp="29 Oct 2020 13:06:37 GMT" time="10.946" errors="0">
  <testcase name="basicAuth" time="2.423" classname="GenetalTests"/>
  <testcase name="queryParameter" time="0.430" classname="GenetalTests"/>
  <testcase name="queryParameter2" time="0.492" classname="GenetalTests"/>
  <testcase name="entityBody" time="0.379" classname="GenetalTests"/>
  <testcase name="requestFunc" time="2.954" classname="GenetalTests"/>
  <testcase name="defaultBaseURL" time="2.330" classname="GenetalTests"/>
  <testcase name="headers" time="0.776" classname="GenetalTests"/>
  <testcase name="routeParameter" time="0.374" classname="GenetalTests"/>
  <testcase name="entityBody2" time="0.788" classname="GenetalTests"/>
</testsuite> <!-- GenetalTests -->
